<?xml version="1.0" encoding="UTF-8"?>
<!-- Generated by org.testng.reporters.JUnitXMLReporter -->
<testsuite ignored="0" hostname="BASIL" failures="2" tests="17" name="ChromeTest" time="62.599" errors="0" timestamp="2025-09-05T01:49:02 IST">
  <testcase classname="testscript.LoginTest" name="verifyUserIsAbleToLoginUsingValidCredentials" time="5.986"/>
  <testcase classname="testscript.LoginTest" name="verifyUserLoginWithInvalidUsernameInvalidPassword" time="0.666"/>
  <testcase classname="testscript.LoginTest" name="verifyUserLoginWithInvalidUsernameValidPassword" time="0.902"/>
  <testcase classname="testscript.LoginTest" name="verifyUserloginWithValidUsernameInvalidPassword" time="0.645"/>
  <testcase classname="testscript.ManageCategoryTest" name="addNewCategory" time="4.327"/>
  <testcase classname="testscript.AdminUsersTest" name="createAdminUser" time="2.094"/>
  <testcase classname="testscript.ManageContactTest" name="managingContactDetails" time="2.497"/>
  <testcase classname="testscript.ManageContactTest" name="validateUpdateBtnAvailable" time="1.365"/>
  <testcase classname="testscript.ManageNewsTest" name="creatingnewNews" time="1.789"/>
  <testcase classname="testscript.ManageNewsTest" name="updateExistingNews" time="2.068">
    <skipped/>
  </testcase> <!-- updateExistingNews -->
  <testcase classname="testscript.ManageNewsTest" name="updateExistingNews" time="1.942">
    <skipped/>
  </testcase> <!-- updateExistingNews -->
  <testcase classname="testscript.ManageNewsTest" name="updateExistingNews" time="1.953">
    <failure type="org.openqa.selenium.ElementClickInterceptedException" message="element click intercepted: Element is not clickable at point (1178, 599)
  (Session info: chrome=139.0.7258.155)
Build info: version: &amp;apos;4.34.0&amp;apos;, revision: &amp;apos;707dcb4246*&amp;apos;
System info: os.name: &amp;apos;Windows 11&amp;apos;, os.arch: &amp;apos;amd64&amp;apos;, os.version: &amp;apos;10.0&amp;apos;, java.version: &amp;apos;17.0.12&amp;apos;
Driver info: org.openqa.selenium.chrome.ChromeDriver
Command: [cb933d5a1bb33f69806b3c21e7a84e0e, clickElement {id=f.6F2C4D0F3D3EEACB18876DFBC0B7E16E.d.44436CDCF0CDFC6A0AC18F25203ECF15.e.40}]
Capabilities {acceptInsecureCerts: false, browserName: chrome, browserVersion: 139.0.7258.155, chrome: {chromedriverVersion: 139.0.7258.154 (9e0d6b2b47f..., userDataDir: C:\Users\acer\AppData\Local...}, fedcm:accounts: true, goog:chromeOptions: {debuggerAddress: localhost:61160}, networkConnectionEnabled: false, pageLoadStrategy: normal, platformName: windows, proxy: Proxy(), se:cdp: ws://localhost:61160/devtoo..., se:cdpVersion: 139.0.7258.155, setWindowRect: true, strictFileInteractability: false, timeouts: {implicit: 0, pageLoad: 300000, script: 30000}, unhandledPromptBehavior: dismiss and notify, webauthn:extension:credBlob: true, webauthn:extension:largeBlob: true, webauthn:extension:minPinLength: true, webauthn:extension:prf: true, webauthn:virtualAuthenticators: true}
Element: [[ChromeDriver: chrome on windows (cb933d5a1bb33f69806b3c21e7a84e0e)] -&amp;gt; xpath: //a[@href=&amp;apos;https://groceryapp.uniqassosiates.com/admin/news/edit?edit=7806&amp;amp;page_ad=1&amp;apos;]]
Session ID: cb933d5a1bb33f69806b3c21e7a84e0e">
      <![CDATA[org.openqa.selenium.ElementClickInterceptedException: element click intercepted: Element is not clickable at point (1178, 599)
  (Session info: chrome=139.0.7258.155)
Build info: version: '4.34.0', revision: '707dcb4246*'
System info: os.name: 'Windows 11', os.arch: 'amd64', os.version: '10.0', java.version: '17.0.12'
Driver info: org.openqa.selenium.chrome.ChromeDriver
Command: [cb933d5a1bb33f69806b3c21e7a84e0e, clickElement {id=f.6F2C4D0F3D3EEACB18876DFBC0B7E16E.d.44436CDCF0CDFC6A0AC18F25203ECF15.e.40}]
Capabilities {acceptInsecureCerts: false, browserName: chrome, browserVersion: 139.0.7258.155, chrome: {chromedriverVersion: 139.0.7258.154 (9e0d6b2b47f..., userDataDir: C:\Users\acer\AppData\Local...}, fedcm:accounts: true, goog:chromeOptions: {debuggerAddress: localhost:61160}, networkConnectionEnabled: false, pageLoadStrategy: normal, platformName: windows, proxy: Proxy(), se:cdp: ws://localhost:61160/devtoo..., se:cdpVersion: 139.0.7258.155, setWindowRect: true, strictFileInteractability: false, timeouts: {implicit: 0, pageLoad: 300000, script: 30000}, unhandledPromptBehavior: dismiss and notify, webauthn:extension:credBlob: true, webauthn:extension:largeBlob: true, webauthn:extension:minPinLength: true, webauthn:extension:prf: true, webauthn:virtualAuthenticators: true}
Element: [[ChromeDriver: chrome on windows (cb933d5a1bb33f69806b3c21e7a84e0e)] -> xpath: //a[@href='https://groceryapp.uniqassosiates.com/admin/news/edit?edit=7806&page_ad=1']]
Session ID: cb933d5a1bb33f69806b3c21e7a84e0e
at org.openqa.selenium.remote.ErrorCodec.decode(ErrorCodec.java:167)
at org.openqa.selenium.remote.codec.w3c.W3CHttpResponseCodec.decode(W3CHttpResponseCodec.java:138)
at org.openqa.selenium.remote.codec.w3c.W3CHttpResponseCodec.decode(W3CHttpResponseCodec.java:50)
at org.openqa.selenium.remote.HttpCommandExecutor.execute(HttpCommandExecutor.java:215)
at org.openqa.selenium.remote.service.DriverCommandExecutor.invokeExecute(DriverCommandExecutor.java:216)
at org.openqa.selenium.remote.service.DriverCommandExecutor.execute(DriverCommandExecutor.java:174)
at org.openqa.selenium.remote.RemoteWebDriver.execute(RemoteWebDriver.java:544)
at org.openqa.selenium.remote.RemoteWebElement.execute(RemoteWebElement.java:223)
at org.openqa.selenium.remote.RemoteWebElement.click(RemoteWebElement.java:76)
at org.openqa.selenium.support.pagefactory.internal.LocatingElementHandler.invoke(LocatingElementHandler.java:51)
at jdk.proxy2/jdk.proxy2.$Proxy13.click(Unknown Source)
at pages.ManageNewsPage.clickingEditActionBtn(ManageNewsPage.java:48)
at testscript.ManageNewsTest.updateExistingNews(ManageNewsTest.java:42)
at java.base/java.util.ArrayList.forEach(ArrayList.java:1511)
at java.base/java.util.concurrent.FutureTask.run(FutureTask.java:264)
at java.base/java.util.concurrent.ThreadPoolExecutor.runWorker(ThreadPoolExecutor.java:1136)
at java.base/java.util.concurrent.ThreadPoolExecutor$Worker.run(ThreadPoolExecutor.java:635)
at java.base/java.lang.Thread.run(Thread.java:842)
... Removed 25 stack frames]]>
    </failure>
  </testcase> <!-- updateExistingNews -->
  <testcase classname="testscript.ManageFooterTextTest" name="manageFooterTextUpdate" time="0.861">
    <skipped/>
  </testcase> <!-- manageFooterTextUpdate -->
  <testcase classname="testscript.ManageFooterTextTest" name="manageFooterTextUpdate" time="0.425">
    <skipped/>
  </testcase> <!-- manageFooterTextUpdate -->
  <testcase classname="testscript.ManageFooterTextTest" name="manageFooterTextUpdate" time="0.39">
    <failure type="java.lang.IllegalStateException" message="Cannot get a STRING value from a NUMERIC cell">
      <![CDATA[java.lang.IllegalStateException: Cannot get a STRING value from a NUMERIC cell
at org.apache.poi.xssf.usermodel.XSSFCell.typeMismatch(XSSFCell.java:987)
at org.apache.poi.xssf.usermodel.XSSFCell.getRichStringCellValue(XSSFCell.java:336)
at org.apache.poi.xssf.usermodel.XSSFCell.getStringCellValue(XSSFCell.java:280)
at utilities.ExcelUtility.getStringData(ExcelUtility.java:25)
at testscript.ManageFooterTextTest.manageFooterTextUpdate(ManageFooterTextTest.java:24)
at java.base/java.util.ArrayList.forEach(ArrayList.java:1511)
at java.base/java.util.concurrent.FutureTask.run(FutureTask.java:264)
at java.base/java.util.concurrent.ThreadPoolExecutor.runWorker(ThreadPoolExecutor.java:1136)
at java.base/java.util.concurrent.ThreadPoolExecutor$Worker.run(ThreadPoolExecutor.java:635)
at java.base/java.lang.Thread.run(Thread.java:842)
... Removed 17 stack frames]]>
    </failure>
  </testcase> <!-- manageFooterTextUpdate -->
  <testcase classname="testscript.ManageFooterTextTest" name="validateUpdateBtnPresent" time="1.109"/>
  <testcase classname="testscript.LogoutTest" name="verifyUserLogout" time="1.084"/>
</testsuite> <!-- ChromeTest -->
